<?xml version="1.0" encoding="UTF-8"?>
<testsuite xmlns:xsi="http://www.w3.org/2001/XMLSchema-instance" xsi:noNamespaceSchemaLocation="https://maven.apache.org/surefire/maven-surefire-plugin/xsd/surefire-test-report-3.0.xsd" version="3.0" name="com.maps.ExploreCVille.ExploreCVilleApplicationTests" time="3.807" tests="1" errors="0" skipped="0" failures="0">
  <properties>
[...]
</properties>
  <testcase name="contextLoads" classname="com.maps.ExploreCVille.ExploreCVilleApplicationTests" time="0.489">
    <system-out><![CDATA[06:47:13.365 [main] INFO org.springframework.test.context.support.AnnotationConfigContextLoaderUtils -- Could not detect default configuration classes for test class [com.maps.ExploreCVille.ExploreCVilleApplicationTests]: ExploreCVilleApplicationTests does not declare any static, non-private, non-final, nested classes annotated with @Configuration.
06:47:13.411 [main] INFO org.springframework.boot.test.context.SpringBootTestContextBootstrapper -- Found @SpringBootConfiguration com.maps.ExploreCVille.ExploreCVilleApplication for test class com.maps.ExploreCVille.ExploreCVilleApplicationTests

  .   ____          _            __ _ _
 /\\ / ___'_ __ _ _(_)_ __  __ _ \ \ \ \
( ( )\___ | '_ | '_| | '_ \/ _` | \ \ \ \
 \\/  ___)| |_)| | | | | || (_| |  ) ) ) )
  '  |____| .__|_| |_|_| |_\__, | / / / /
 =========|_|==============|___/=/_/_/_/
 :: Spring Boot ::                (v3.2.4)

2024-03-24T06:47:13.580-04:00  INFO 25671 --- [           main] c.m.E.ExploreCVilleApplicationTests      : Starting ExploreCVilleApplicationTests using Java 21.0.2 with PID 25671 (started by andrey in /Users/andrey/Desktop/Exam3/ExploreCVille)
2024-03-24T06:47:13.581-04:00  INFO 25671 --- [           main] c.m.E.ExploreCVilleApplicationTests      : No active profile set, falling back to 1 default profile: "default"
2024-03-24T06:47:14.513-04:00  INFO 25671 --- [           main] .s.d.r.c.RepositoryConfigurationDelegate : Bootstrapping Spring Data JPA repositories in DEFAULT mode.
2024-03-24T06:47:14.567-04:00  INFO 25671 --- [           main] .s.d.r.c.RepositoryConfigurationDelegate : Finished Spring Data repository scanning in 39 ms. Found 3 JPA repository interfaces.
2024-03-24T06:47:14.799-04:00  INFO 25671 --- [           main] o.hibernate.jpa.internal.util.LogHelper  : HHH000204: Processing PersistenceUnitInfo [name: default]
2024-03-24T06:47:14.829-04:00  INFO 25671 --- [           main] org.hibernate.Version                    : HHH000412: Hibernate ORM core version 6.4.4.Final
2024-03-24T06:47:14.846-04:00  INFO 25671 --- [           main] o.h.c.internal.RegionFactoryInitiator    : HHH000026: Second-level cache disabled
2024-03-24T06:47:14.966-04:00  INFO 25671 --- [           main] o.s.o.j.p.SpringPersistenceUnitInfo      : No LoadTimeWeaver setup: ignoring JPA class transformer
2024-03-24T06:47:14.980-04:00  INFO 25671 --- [           main] com.zaxxer.hikari.HikariDataSource       : HikariPool-1 - Starting...
2024-03-24T06:47:15.344-04:00  INFO 25671 --- [           main] com.zaxxer.hikari.pool.HikariPool        : HikariPool-1 - Added connection org.postgresql.jdbc.PgConnection@70f4f89e
2024-03-24T06:47:15.345-04:00  INFO 25671 --- [           main] com.zaxxer.hikari.HikariDataSource       : HikariPool-1 - Start completed.
2024-03-24T06:47:15.371-04:00  WARN 25671 --- [           main] org.hibernate.orm.deprecation            : HHH90000025: PostgreSQLDialect does not need to be specified explicitly using 'hibernate.dialect' (remove the property setting and it will be selected by default)
2024-03-24T06:47:15.810-04:00  INFO 25671 --- [           main] o.h.e.t.j.p.i.JtaPlatformInitiator       : HHH000489: No JTA platform available (set 'hibernate.transaction.jta.platform' to enable JTA platform integration)
2024-03-24T06:47:15.858-04:00  INFO 25671 --- [           main] j.LocalContainerEntityManagerFactoryBean : Initialized JPA EntityManagerFactory for persistence unit 'default'
2024-03-24T06:47:16.056-04:00  INFO 25671 --- [           main] o.s.d.j.r.query.QueryEnhancerFactory     : Hibernate is in classpath; If applicable, HQL parser will be used.
2024-03-24T06:47:16.382-04:00  WARN 25671 --- [           main] JpaBaseConfiguration$JpaWebConfiguration : spring.jpa.open-in-view is enabled by default. Therefore, database queries may be performed during view rendering. Explicitly configure spring.jpa.open-in-view to disable this warning
2024-03-24T06:47:16.572-04:00  INFO 25671 --- [           main] c.m.E.ExploreCVilleApplicationTests      : Started ExploreCVilleApplicationTests in 3.1 seconds (process running for 3.579)
]]></system-out>
    <system-err><![CDATA[WARNING: A Java agent has been loaded dynamically (/Users/andrey/.m2/repository/net/bytebuddy/byte-buddy-agent/1.14.12/byte-buddy-agent-1.14.12.jar)
WARNING: If a serviceability tool is in use, please run with -XX:+EnableDynamicAgentLoading to hide this warning
WARNING: If a serviceability tool is not in use, please run with -Djdk.instrument.traceUsage for more information
WARNING: Dynamic loading of agents will be disallowed by default in a future release
]]></system-err>
  </testcase>
</testsuite>